<?xml version="1.0" encoding="UTF-8"?>
<testng-results ignored="0" total="1" passed="1" failed="0" skipped="0">
  <reporter-output>
  </reporter-output>
  <suite started-at="2023-01-04T21:33:41 PST" name="Default suite" finished-at="2023-01-04T21:33:42 PST" duration-ms="1203">
    <groups>
    </groups>
    <test started-at="2023-01-04T21:33:41 PST" name="Default test" finished-at="2023-01-04T21:33:42 PST" duration-ms="1203">
      <class name="GetRequest">
        <test-method signature="getWeatherDetails()[pri:0, instance:GetRequest@6c130c45]" started-at="2023-01-04T21:33:41 PST" name="getWeatherDetails" finished-at="2023-01-04T21:33:42 PST" duration-ms="1169" status="PASS">
          <reporter-output>
          </reporter-output>
        </test-method> <!-- getWeatherDetails -->
      </class> <!-- GetRequest -->
    </test> <!-- Default test -->
  </suite> <!-- Default suite -->
</testng-results>
